<?xml version="1.0" encoding="UTF-8"?>
<testng-results skipped="0" failed="0" ignored="0" total="7" passed="7">
  <reporter-output>
  </reporter-output>
  <suite name="Default suite" duration-ms="4677" started-at="2023-07-10T16:25:37Z" finished-at="2023-07-10T16:25:42Z">
    <groups>
    </groups>
    <test name="Default test" duration-ms="4677" started-at="2023-07-10T16:25:37Z" finished-at="2023-07-10T16:25:42Z">
      <class name="com.restassured.SwaggerAddressPost">
        <test-method status="PASS" signature="login1()[pri:1, instance:com.restassured.SwaggerAddressPost@2b98378d]" name="login1" duration-ms="1471" started-at="2023-07-10T16:25:37Z" finished-at="2023-07-10T16:25:39Z">
          <reporter-output>
          </reporter-output>
        </test-method> <!-- login1 -->
        <test-method status="PASS" signature="AddUserAddress()[pri:2, instance:com.restassured.SwaggerAddressPost@2b98378d]" name="AddUserAddress" duration-ms="613" started-at="2023-07-10T16:25:39Z" finished-at="2023-07-10T16:25:39Z">
          <reporter-output>
          </reporter-output>
        </test-method> <!-- AddUserAddress -->
        <test-method status="PASS" signature="UpdateUserAddress()[pri:3, instance:com.restassured.SwaggerAddressPost@2b98378d]" name="UpdateUserAddress" duration-ms="522" started-at="2023-07-10T16:25:39Z" finished-at="2023-07-10T16:25:40Z">
          <reporter-output>
          </reporter-output>
        </test-method> <!-- UpdateUserAddress -->
        <test-method status="PASS" signature="GetAllUserAddress()[pri:4, instance:com.restassured.SwaggerAddressPost@2b98378d]" name="GetAllUserAddress" duration-ms="613" started-at="2023-07-10T16:25:40Z" finished-at="2023-07-10T16:25:40Z">
          <reporter-output>
          </reporter-output>
        </test-method> <!-- GetAllUserAddress -->
        <test-method status="PASS" signature="DeleteUserAddress()[pri:5, instance:com.restassured.SwaggerAddressPost@2b98378d]" name="DeleteUserAddress" duration-ms="407" started-at="2023-07-10T16:25:40Z" finished-at="2023-07-10T16:25:41Z">
          <reporter-output>
          </reporter-output>
        </test-method> <!-- DeleteUserAddress -->
        <test-method status="PASS" signature="getStatelist()[pri:6, instance:com.restassured.SwaggerAddressPost@2b98378d]" name="getStatelist" duration-ms="584" started-at="2023-07-10T16:25:41Z" finished-at="2023-07-10T16:25:41Z">
          <reporter-output>
          </reporter-output>
        </test-method> <!-- getStatelist -->
        <test-method status="PASS" signature="getCityList()[pri:7, instance:com.restassured.SwaggerAddressPost@2b98378d]" name="getCityList" duration-ms="467" started-at="2023-07-10T16:25:41Z" finished-at="2023-07-10T16:25:42Z">
          <reporter-output>
          </reporter-output>
        </test-method> <!-- getCityList -->
      </class> <!-- com.restassured.SwaggerAddressPost -->
    </test> <!-- Default test -->
  </suite> <!-- Default suite -->
</testng-results>
